\BOOKMARK [0][-]{bittoc.0}{\376\377\166\356\137\125}{}% 1
\BOOKMARK [0][-]{chapter.1}{\376\377\173\054\0001\172\340\000\040\000\040\121\205\133\271\116\015\131\032\117\106\116\000\133\232\211\201\167\013\166\204\122\115\212\000}{}% 2
\BOOKMARK [0][-]{chapter.2}{\376\377\173\054\0002\172\340\000\040\000\040\152\041\147\177\121\145\225\350}{}% 3
\BOOKMARK [1][-]{section.2.1}{\376\377\0002\000.\0001\000\040\152\041\147\177\176\323\147\204\122\035\213\306}{chapter.2}% 4
\BOOKMARK [1][-]{section.2.2}{\376\377\0002\000.\0002\000\040\131\202\117\125\122\033\136\372\172\340\202\202\150\007\230\230}{chapter.2}% 5
\BOOKMARK [1][-]{section.2.3}{\376\377\0002\000.\0003\000\040\172\340\202\202\176\323\147\204\173\241\164\006}{chapter.2}% 6
\BOOKMARK [1][-]{section.2.4}{\376\377\0002\000.\0004\000\040\116\016\133\230\145\271\152\041\147\177\166\204\123\072\122\053}{chapter.2}% 7
\BOOKMARK [0][-]{chapter.3}{\376\377\173\054\0003\172\340\000\040\000\040\145\160\133\146\121\154\137\017\117\177\165\050}{}% 8
\BOOKMARK [1][-]{section.3.1}{\376\377\0003\000.\0001\000\040\121\154\137\017\177\026\217\221}{chapter.3}% 9
\BOOKMARK [2][-]{subsection.3.1.1}{\376\377\0003\000.\0001\000.\0001\000\040\165\050\000M\000a\000t\000h\000T\000y\000p\000e\177\026\217\221}{section.3.1}% 10
\BOOKMARK [2][-]{subsection.3.1.2}{\376\377\0003\000.\0001\000.\0002\000\040\165\050\127\050\176\277\135\345\121\167\177\026\217\221}{section.3.1}% 11
\BOOKMARK [1][-]{section.3.2}{\376\377\0003\000.\0002\000\040\140\016\116\110\143\322\121\145\121\154\137\017}{chapter.3}% 12
\BOOKMARK [1][-]{section.3.3}{\376\377\0003\000.\0003\000\040\121\154\137\017\143\142\210\114\116\016\215\350\230\165}{chapter.3}% 13
\BOOKMARK [2][-]{subsection.3.3.1}{\376\377\0003\000.\0003\000.\0001\000\040\121\154\137\017\143\142\210\114\116\113\127\372\147\054\144\315\117\134}{section.3.3}% 14
\BOOKMARK [2][-]{subsection.3.3.2}{\376\377\0003\000.\0003\000.\0002\000\040\121\154\137\017\140\363\143\142\210\114\123\310\215\350\230\165}{section.3.3}% 15
\BOOKMARK [2][-]{subsection.3.3.3}{\376\377\0003\000.\0003\000.\0003\000\040\121\154\137\017\131\052\225\177\116\000\210\114\145\076\116\015\116\013}{section.3.3}% 16
\BOOKMARK [1][-]{section.3.4}{\376\377\0003\000.\0004\000\040\131\202\117\125\137\025\165\050\121\154\137\017}{chapter.3}% 17
\BOOKMARK [1][-]{section.3.5}{\376\377\0003\000.\0005\000\040\131\202\117\125\143\322\121\145\131\047\134\072\133\370\142\354\123\367}{chapter.3}% 18
\BOOKMARK [1][-]{section.3.6}{\376\377\0003\000.\0006\000\040\201\352\147\345\221\315\152\041\137\017\116\013\131\202\117\125\121\163\225\355\121\154\137\017\146\076\171\072}{chapter.3}% 19
\BOOKMARK [0][-]{chapter.4}{\376\377\173\054\0004\172\340\000\040\000\040\126\376\210\150\166\204\117\177\165\050}{}% 20
\BOOKMARK [1][-]{section.4.1}{\376\377\0004\000.\0001\000\040\143\322\121\145\126\376\162\107}{chapter.4}% 21
\BOOKMARK [2][-]{subsection.4.1.1}{\376\377\0004\000.\0001\000.\0001\000\040\126\376\162\107\143\322\121\145\127\372\147\054\144\315\117\134}{section.4.1}% 22
\BOOKMARK [2][-]{subsection.4.1.2}{\376\377\0004\000.\0001\000.\0002\000\040\143\322\121\145\131\032\116\052\133\120\126\376}{section.4.1}% 23
\BOOKMARK [2][-]{subsection.4.1.3}{\376\377\0004\000.\0001\000.\0003\000\040\143\322\126\376\117\115\177\156\116\161\215\321\140\016\116\110\122\236}{section.4.1}% 24
\BOOKMARK [2][-]{subsection.4.1.4}{\376\377\0004\000.\0001\000.\0004\000\040\143\322\126\376\145\110\147\234\152\041\174\312\116\015\156\005\146\160}{section.4.1}% 25
\BOOKMARK [2][-]{subsection.4.1.5}{\376\377\0004\000.\0001\000.\0005\000\040\126\376\162\107\150\007\230\230\131\052\225\177\140\016\116\110\122\236}{section.4.1}% 26
\BOOKMARK [2][-]{subsection.4.1.6}{\376\377\0004\000.\0001\000.\0006\000\040\201\352\147\345\221\315\152\041\137\017\116\013\131\202\117\125\121\163\225\355\126\376\162\107\146\076\171\072}{section.4.1}% 27
\BOOKMARK [1][-]{section.4.2}{\376\377\0004\000.\0002\000\040\143\322\121\145\210\150\150\074}{chapter.4}% 28
\BOOKMARK [2][-]{subsection.4.2.1}{\376\377\0004\000.\0002\000.\0001\000\040\210\150\150\074\122\066\117\134}{section.4.2}% 29
\BOOKMARK [2][-]{subsection.4.2.2}{\376\377\0004\000.\0002\000.\0002\000\040\131\202\117\125\176\331\210\150\150\074\155\373\122\240\201\032\154\350}{section.4.2}% 30
\BOOKMARK [2][-]{subsection.4.2.3}{\376\377\0004\000.\0002\000.\0003\000\040\201\352\147\345\221\315\152\041\137\017\116\013\131\202\117\125\121\163\225\355\210\150\150\074\146\076\171\072}{section.4.2}% 31
\BOOKMARK [0][-]{chapter.5}{\376\377\173\054\0005\172\340\000\040\000\040\123\302\200\003\145\207\163\056\166\204\117\177\165\050}{}% 32
\BOOKMARK [1][-]{section.5.1}{\376\377\0005\000.\0001\000\040\123\302\200\003\145\207\163\056\166\204\173\241\164\006}{chapter.5}% 33
\BOOKMARK [1][-]{section.5.2}{\376\377\0005\000.\0002\000\040\123\302\200\003\145\207\163\056\166\204\177\026\213\321}{chapter.5}% 34
\BOOKMARK [1][-]{section.5.3}{\376\377\0005\000.\0003\000\040\123\302\200\003\145\207\163\056\166\204\137\025\165\050}{chapter.5}% 35
\BOOKMARK [0][-]{chapter.6}{\376\377\173\054\0006\172\340\000\040\000\040\144\260\121\231\213\272\145\207\116\055\166\204\154\350\141\017\116\213\230\171}{}% 36
\BOOKMARK [0][-]{chapter*.10}{\376\377\123\302\200\003\145\207\163\056}{}% 37
